<?xml version="1.0" encoding="UTF-8"?>
<testsuite xmlns:xsi="http://www.w3.org/2001/XMLSchema-instance" xsi:noNamespaceSchemaLocation="https://maven.apache.org/surefire/maven-surefire-plugin/xsd/surefire-test-report.xsd" name="com.heima.test.AppTest" time="7.561" tests="19" errors="0" skipped="0" failures="0">
  <properties>
[...]
</properties>
  <testcase name="restFind1" classname="com.heima.test.AppTest" time="1.334"/>
  <testcase name="restFind2" classname="com.heima.test.AppTest" time="0.012"/>
  <testcase name="restFind3" classname="com.heima.test.AppTest" time="0.02"/>
  <testcase name="restFind4" classname="com.heima.test.AppTest" time="0.014"/>
  <testcase name="testDeleteByIds" classname="com.heima.test.AppTest" time="0.008"/>
  <testcase name="testDeleteByMap" classname="com.heima.test.AppTest" time="0.008"/>
  <testcase name="testFindAll" classname="com.heima.test.AppTest" time="0.012"/>
  <testcase name="testPage1" classname="com.heima.test.AppTest" time="0.136"/>
  <testcase name="testEnum" classname="com.heima.test.AppTest" time="0.012"/>
  <testcase name="testPage" classname="com.heima.test.AppTest" time="0.023"/>
  <testcase name="addEnumInsertTest" classname="com.heima.test.AppTest" time="0.037"/>
  <testcase name="testDeleteByWrapper" classname="com.heima.test.AppTest" time="0.011"/>
  <testcase name="testUpdateById" classname="com.heima.test.AppTest" time="0.011"/>
  <testcase name="testUpdateByCondition" classname="com.heima.test.AppTest" time="0.009"/>
  <testcase name="restFindSort" classname="com.heima.test.AppTest" time="0.012"/>
  <testcase name="save" classname="com.heima.test.AppTest" time="0.012"/>
  <testcase name="test1" classname="com.heima.test.AppTest" time="0.004"/>
  <testcase name="restFindSelect" classname="com.heima.test.AppTest" time="0.003"/>
  <testcase name="testDeleteById" classname="com.heima.test.AppTest" time="0.004"/>
</testsuite>